[0] 
[0]  NX   Running target start for 2 projects and 7 tasks they depend on:
[0] 
[0] - twenty-server
[0] - twenty-front
[0] 
[0] 
[0] 
[0] > nx run twenty-shared:generateBarrels
[0] 
[0] > tsx packages/twenty-shared/scripts/generateBarrels.ts
[0] 
[0] 
[0] > nx run twenty-ui:generateBarrels
[0] 
[0] > tsx packages/twenty-ui/scripts/generateBarrels.ts
[0] 
[0] 
[0] > nx run twenty-shared:build
[0] 
[0] [33mGenerated an empty chunk: "index".[39m
[0] [33mGenerated an empty chunk: "index".[39m
[0] 
[0] > nx run twenty-emails:build
[0] 
[0] [36mvite v7.1.12 [32mbuilding for production...[36m[39m
[0] [96msrc/components/BaseEmail.tsx[0m:[93m20[0m:[93m19[0m - [91merror[0m[90m TS2719: [0mType 'import("/Users/adamjudeh/everyday-dealrunner/twenty/node_modules/@lingui/core/dist/index").I18n' is not assignable to type 'import("/Users/adamjudeh/everyday-dealrunner/twenty/node_modules/@lingui/core/dist/index").I18n'. Two different types with this name exist, but they are unrelated.
[0]   Types have separate declarations of a private property '_locale'.
[0] 
[0] [7m20[0m     <I18nProvider i18n={i18nInstance}>
[0] [7m  [0m [91m                  ~~~~[0m
[0] 
[0]   [96mnode_modules/@lingui/react/dist/shared/react.b2b749a9.d.ts[0m:[93m42[0m:[93m5[0m
[0]     [7m42[0m     i18n: I18n;
[0]     [7m  [0m [96m    ~~~~[0m
[0]     The expected type comes from property 'i18n' which is declared here on type 'IntrinsicAttributes & Omit<I18nContext, "_"> & { children?: ReactNode; }'
[0] 
[0] transforming...
[0] [32m✓[39m 1006 modules transformed.
[0] rendering chunks...
[0] 
[0] [vite:dts] Start generate declaration files...
[0] computing gzip size...
[0] [vite:dts] Declaration files built in 1787ms.
[0] 
[0] [2mdist/[22m[36mlocales/generated/zh-CN.mjs      [39m[1m[2m  3.98 kB[22m[1m[22m[2m │ gzip:   1.89 kB[22m
[0] [2mdist/[22m[36mlocales/generated/zh-TW.mjs      [39m[1m[2m  4.03 kB[22m[1m[22m[2m │ gzip:   1.92 kB[22m
[0] [2mdist/[22m[36mlocales/generated/en.mjs         [39m[1m[2m  4.13 kB[22m[1m[22m[2m │ gzip:   1.22 kB[22m
[0] [2mdist/[22m[36mlocales/generated/fi-FI.mjs      [39m[1m[2m  4.21 kB[22m[1m[22m[2m │ gzip:   1.77 kB[22m
[0] [2mdist/[22m[36mlocales/generated/af-ZA.mjs      [39m[1m[2m  4.29 kB[22m[1m[22m[2m │ gzip:   1.76 kB[22m
[0] [2mdist/[22m[36mlocales/generated/no-NO.mjs      [39m[1m[2m  4.30 kB[22m[1m[22m[2m │ gzip:   1.74 kB[22m
[0] [2mdist/[22m[36mlocales/generated/da-DK.mjs      [39m[1m[2m  4.32 kB[22m[1m[22m[2m │ gzip:   1.73 kB[22m
[0] [2mdist/[22m[36mlocales/generated/nl-NL.mjs      [39m[1m[2m  4.33 kB[22m[1m[22m[2m │ gzip:   1.76 kB[22m
[0] [2mdist/[22m[36mlocales/generated/pt-BR.mjs      [39m[1m[2m  4.33 kB[22m[1m[22m[2m │ gzip:   1.78 kB[22m
[0] [2mdist/[22m[36mlocales/generated/sv-SE.mjs      [39m[1m[2m  4.34 kB[22m[1m[22m[2m │ gzip:   1.77 kB[22m
[0] [2mdist/[22m[36mlocales/generated/pt-PT.mjs      [39m[1m[2m  4.36 kB[22m[1m[22m[2m │ gzip:   1.77 kB[22m
[0] [2mdist/[22m[36mlocales/generated/it-IT.mjs      [39m[1m[2m  4.40 kB[22m[1m[22m[2m │ gzip:   1.76 kB[22m
[0] [2mdist/[22m[36mlocales/generated/pl-PL.mjs      [39m[1m[2m  4.46 kB[22m[1m[22m[2m │ gzip:   1.91 kB[22m
[0] [2mdist/[22m[36mlocales/generated/tr-TR.mjs      [39m[1m[2m  4.47 kB[22m[1m[22m[2m │ gzip:   1.89 kB[22m
[0] [2mdist/[22m[36mlocales/generated/cs-CZ.mjs      [39m[1m[2m  4.48 kB[22m[1m[22m[2m │ gzip:   1.94 kB[22m
[0] [2mdist/[22m[36mlocales/generated/de-DE.mjs      [39m[1m[2m  4.48 kB[22m[1m[22m[2m │ gzip:   1.84 kB[22m
[0] [2mdist/[22m[36mlocales/generated/es-ES.mjs      [39m[1m[2m  4.49 kB[22m[1m[22m[2m │ gzip:   1.79 kB[22m
[0] [2mdist/[22m[36mlocales/generated/ro-RO.mjs      [39m[1m[2m  4.49 kB[22m[1m[22m[2m │ gzip:   1.81 kB[22m
[0] [2mdist/[22m[36mlocales/generated/ca-ES.mjs      [39m[1m[2m  4.51 kB[22m[1m[22m[2m │ gzip:   1.81 kB[22m
[0] [2mdist/[22m[36mlocales/generated/ko-KR.mjs      [39m[1m[2m  4.51 kB[22m[1m[22m[2m │ gzip:   2.01 kB[22m
[0] [2mdist/[22m[36mlocales/generated/fr-FR.mjs      [39m[1m[2m  4.53 kB[22m[1m[22m[2m │ gzip:   1.80 kB[22m
[0] [2mdist/[22m[36mlocales/generated/hu-HU.mjs      [39m[1m[2m  4.57 kB[22m[1m[22m[2m │ gzip:   1.96 kB[22m
[0] [2mdist/[22m[36mlocales/generated/he-IL.mjs      [39m[1m[2m  4.68 kB[22m[1m[22m[2m │ gzip:   1.88 kB[22m
[0] [2mdist/[22m[36mlocales/generated/ja-JP.mjs      [39m[1m[2m  4.73 kB[22m[1m[22m[2m │ gzip:   2.06 kB[22m
[0] [2mdist/[22m[36mlocales/generated/vi-VN.mjs      [39m[1m[2m  4.96 kB[22m[1m[22m[2m │ gzip:   2.02 kB[22m
[0] [2mdist/[22m[36mlocales/generated/ar-SA.mjs      [39m[1m[2m  5.11 kB[22m[1m[22m[2m │ gzip:   2.08 kB[22m
[0] [2mdist/[22m[36mlocales/generated/pseudo-en.mjs  [39m[1m[2m  5.40 kB[22m[1m[22m[2m │ gzip:   2.13 kB[22m
[0] [2mdist/[22m[36mlocales/generated/sr-Cyrl.mjs    [39m[1m[2m  5.52 kB[22m[1m[22m[2m │ gzip:   2.17 kB[22m
[0] [2mdist/[22m[36mlocales/generated/uk-UA.mjs      [39m[1m[2m  5.77 kB[22m[1m[22m[2m │ gzip:   2.25 kB[22m
[0] [2mdist/[22m[36mlocales/generated/el-GR.mjs      [39m[1m[2m  6.14 kB[22m[1m[22m[2m │ gzip:   2.38 kB[22m
[0] [2mdist/[22m[36mlocales/generated/ru-RU.mjs      [39m[1m[2m  6.27 kB[22m[1m[22m[2m │ gzip:   2.39 kB[22m
[0] [2mdist/[22m[36mindex.mjs                        [39m[1m[33m827.37 kB[39m[22m[2m │ gzip: 180.62 kB[22m
[0] [2mdist/[22m[36mlocales/generated/zh-CN.js      [39m[1m[2m  4.05 kB[22m[1m[22m[2m │ gzip:   1.95 kB[22m
[0] [2mdist/[22m[36mlocales/generated/zh-TW.js      [39m[1m[2m  4.10 kB[22m[1m[22m[2m │ gzip:   1.98 kB[22m
[0] [2mdist/[22m[36mlocales/generated/en.js         [39m[1m[2m  4.20 kB[22m[1m[22m[2m │ gzip:   1.27 kB[22m
[0] [2mdist/[22m[36mlocales/generated/fi-FI.js      [39m[1m[2m  4.28 kB[22m[1m[22m[2m │ gzip:   1.82 kB[22m
[0] [2mdist/[22m[36mlocales/generated/af-ZA.js      [39m[1m[2m  4.36 kB[22m[1m[22m[2m │ gzip:   1.81 kB[22m
[0] [2mdist/[22m[36mlocales/generated/no-NO.js      [39m[1m[2m  4.37 kB[22m[1m[22m[2m │ gzip:   1.79 kB[22m
[0] [2mdist/[22m[36mlocales/generated/da-DK.js      [39m[1m[2m  4.39 kB[22m[1m[22m[2m │ gzip:   1.78 kB[22m
[0] [2mdist/[22m[36mlocales/generated/nl-NL.js      [39m[1m[2m  4.40 kB[22m[1m[22m[2m │ gzip:   1.81 kB[22m
[0] [2mdist/[22m[36mlocales/generated/pt-BR.js      [39m[1m[2m  4.40 kB[22m[1m[22m[2m │ gzip:   1.83 kB[22m
[0] [2mdist/[22m[36mlocales/generated/sv-SE.js      [39m[1m[2m  4.41 kB[22m[1m[22m[2m │ gzip:   1.82 kB[22m
[0] [2mdist/[22m[36mlocales/generated/pt-PT.js      [39m[1m[2m  4.42 kB[22m[1m[22m[2m │ gzip:   1.82 kB[22m
[0] [2mdist/[22m[36mlocales/generated/it-IT.js      [39m[1m[2m  4.47 kB[22m[1m[22m[2m │ gzip:   1.81 kB[22m
[0] [2mdist/[22m[36mlocales/generated/pl-PL.js      [39m[1m[2m  4.53 kB[22m[1m[22m[2m │ gzip:   1.96 kB[22m
[0] [2mdist/[22m[36mlocales/generated/tr-TR.js      [39m[1m[2m  4.54 kB[22m[1m[22m[2m │ gzip:   1.94 kB[22m
[0] [2mdist/[22m[36mlocales/generated/cs-CZ.js      [39m[1m[2m  4.55 kB[22m[1m[22m[2m │ gzip:   1.99 kB[22m
[0] [2mdist/[22m[36mlocales/generated/de-DE.js      [39m[1m[2m  4.55 kB[22m[1m[22m[2m │ gzip:   1.89 kB[22m
[0] [2mdist/[22m[36mlocales/generated/es-ES.js      [39m[1m[2m  4.56 kB[22m[1m[22m[2m │ gzip:   1.84 kB[22m
[0] [2mdist/[22m[36mlocales/generated/ro-RO.js      [39m[1m[2m  4.56 kB[22m[1m[22m[2m │ gzip:   1.86 kB[22m
[0] [2mdist/[22m[36mlocales/generated/ca-ES.js      [39m[1m[2m  4.58 kB[22m[1m[22m[2m │ gzip:   1.85 kB[22m
[0] [2mdist/[22m[36mlocales/generated/ko-KR.js      [39m[1m[2m  4.58 kB[22m[1m[22m[2m │ gzip:   2.07 kB[22m
[0] [2mdist/[22m[36mlocales/generated/fr-FR.js      [39m[1m[2m  4.60 kB[22m[1m[22m[2m │ gzip:   1.85 kB[22m
[0] [2mdist/[22m[36mlocales/generated/hu-HU.js      [39m[1m[2m  4.64 kB[22m[1m[22m[2m │ gzip:   2.01 kB[22m
[0] [2mdist/[22m[36mlocales/generated/he-IL.js      [39m[1m[2m  4.75 kB[22m[1m[22m[2m │ gzip:   1.94 kB[22m
[0] [2mdist/[22m[36mlocales/generated/ja-JP.js      [39m[1m[2m  4.80 kB[22m[1m[22m[2m │ gzip:   2.11 kB[22m
[0] [2mdist/[22m[36mlocales/generated/vi-VN.js      [39m[1m[2m  5.03 kB[22m[1m[22m[2m │ gzip:   2.07 kB[22m
[0] [2mdist/[22m[36mlocales/generated/ar-SA.js      [39m[1m[2m  5.18 kB[22m[1m[22m[2m │ gzip:   2.14 kB[22m
[0] [2mdist/[22m[36mlocales/generated/pseudo-en.js  [39m[1m[2m  5.46 kB[22m[1m[22m[2m │ gzip:   2.19 kB[22m
[0] [2mdist/[22m[36mlocales/generated/sr-Cyrl.js    [39m[1m[2m  5.59 kB[22m[1m[22m[2m │ gzip:   2.23 kB[22m
[0] [2mdist/[22m[36mlocales/generated/uk-UA.js      [39m[1m[2m  5.84 kB[22m[1m[22m[2m │ gzip:   2.31 kB[22m
[0] [2mdist/[22m[36mlocales/generated/el-GR.js      [39m[1m[2m  6.21 kB[22m[1m[22m[2m │ gzip:   2.44 kB[22m
[0] [2mdist/[22m[36mlocales/generated/ru-RU.js      [39m[1m[2m  6.34 kB[22m[1m[22m[2m │ gzip:   2.44 kB[22m
[0] [2mdist/[22m[36mindex.js                        [39m[1m[33m609.93 kB[39m[22m[2m │ gzip: 160.60 kB[22m
[0] [32m✓ built in 4.33s[39m
[0] 
[0] > nx run twenty-server:build
[0] 
[0] > rimraf dist
[0] 
[0] > nest build --path ./tsconfig.build.json
[0] 
[0] [36m> [39m[46m[1m SWC [22m[49m [36mRunning...[39m
[0] Successfully compiled: 3695 files with swc (506.65ms)
[0] 
[0] > nx run twenty-ui:build
[0] 
[0] Waiting for twenty-front:start in another nx process
[0] 
[0] > nx run twenty-server:typecheck
[0] 
[0] > tsc -b tsconfig.json --incremental
[0] 
[0] 
[0] > nx run twenty-server:start
[0] 
[0] > NODE_ENV=development && nest start --watch
[0] 
[0] (node:40840) MaxListenersExceededWarning: Possible EventEmitter memory leak detected. 11 exit listeners added to [process]. MaxListeners is 10. Use emitter.setMaxListeners() to increase limit
[0] (Use `node --trace-warnings ...` to show where the warning was created)
[0] [36m> [39m[46m[1m SWC [22m[49m [36mRunning...[39m
